200000
 
:: initializing oneAPI environment ...
   slurm_script: BASH_VERSION = 4.2.46(1)-release
   args: Using "$@" for setvars.sh arguments: --force
:: advisor -- latest
:: ccl -- latest
:: clck -- latest
:: compiler -- latest
:: dal -- latest
:: debugger -- latest
:: dev-utilities -- latest
:: dnnl -- latest
:: dpcpp-ct -- latest
:: dpl -- latest
:: inspector -- latest
:: intelpython -- latest
:: ipp -- latest
:: ippcp -- latest
:: ipp -- latest
:: itac -- latest
:: mkl -- latest
:: mpi -- latest
:: tbb -- latest
:: vpl -- latest
:: vtune -- latest
:: oneAPI environment initialized ::
 
TMPDIR = /scratch/global/yangjunjie/cr2/522185/
PYSCF_TMPDIR = /scratch/global/yangjunjie/cr2/522185/
Warning: <pyscf.gto.mole.Mole object at 0x7f7927038640> must be initialized before calling SCF.
Initialize <pyscf.gto.mole.Mole object at 0x7f7927038640> in RHF object of <class 'pyscf.scf.hf.RHF'>
#INFO: **** input file is /home/yangjunjie/work/for-srh/test.py ****
import pickle, os, sys
import numpy as np
import pyscf
from pyscf import gto, scf, fci
from pyscf import mcscf, mrpt
from pyscf import lib

nproc = os.environ.get("SLURM_NPROCS", 1)
nproc = int(nproc)

from pyscf import dmrgscf
dmrgscf.settings.BLOCKEXE = os.popen("which block2main").read().strip()
dmrgscf.settings.MPIPREFIX = 'mpirun -n %d --bind-to none' % nproc
max_m = 2000

mol = gto.Mole()
mol.verbose = 10
ene_nuc, h1, eri, ncipg, weightpg, Rpg, nao, NOccSO = pickle.load(open( "FC.p", "rb" ))
mol.nelectron = NOccSO
ovlp = np.eye(nao)
nso = 2 * nao

# RHF
hf_obj = scf.RHF(mol)
hf_obj.get_hcore = lambda *args: h1
hf_obj.get_ovlp = lambda *args: ovlp
hf_obj._eri = pyscf.ao2mo.restore(8, eri, nao)
hf_obj.kernel()
hf_obj.mo_coeff = np.eye(nao)

out = open("results.log","w")

cas_obj = mcscf.CASSCF(hf_obj,20,28)
cas_obj.fix_spin_(ss=0)
cas_obj.fcisolver = dmrgscf.DMRGCI(mol, maxM=max_m)
cas_obj.fcisolver.runtimeDir = lib.param.TMPDIR
cas_obj.fcisolver.scratchDirectory = lib.param.TMPDIR
cas_obj.fcisolver.threads = int(os.environ.get("OMP_NUM_THREADS", 1))
cas_obj.fcisolver.memory = int(mol.max_memory / 1000.0 / nproc)
cas_obj.canonicalization = True
cas_obj.natorb = True
cas_obj.kernel()
print("E(CAS)=",cas_obj.e_tot + ene_nuc)
out.write("E(CAS) = %1 12.8f\n" % (cas_obj.e_tot + ene_nuc))

# nevpt
pt_obj = mrpt.NEVPT(cas_obj)
pt_obj.kernel()
print("E(PT)=",pt_obj.e_corr + cas_obj.e_tot + ene_nuc)
out.write("E(PT)  = %1 12.8f\n" % (pt_obj.e_corr + cas_obj.e_tot + ene_nuc))
#INFO: ******************** input file end ********************


System: uname_result(system='Linux', node='pauling007', release='3.10.0-327.36.3.el7.x86_64', version='#1 SMP Thu Oct 20 04:56:07 EDT 2016', machine='x86_64')  Threads 28
Python 3.9.7 (default, Oct 27 2021, 01:23:21) 
[GCC 9.3.0]
numpy 1.21.2  scipy 1.6.2
Date: Wed Nov  8 16:31:13 2023
PySCF version 2.1.1
PySCF path  /home/yangjunjie/packages/pyscf/pyscf-main
GIT ORIG_HEAD 9d5b5bd309d1cc55fbd1a0ec76e26b5b0c7f76af
GIT HEAD (branch master) 8aa7a5b02dea52dfbc9e106e4f4737f86dc56376

[ENV] PYSCF_MAX_MEMORY 200000
[ENV] PYSCF_TMPDIR /scratch/global/yangjunjie/cr2/522185/
[ENV] PYSCF_EXT_PATH /home/yangjunjie/intel/oneapi/intelpython/python3.9/lib/python3.9/site-packages/
[CONFIG] DEBUG = False
[CONFIG] MAX_MEMORY = 200000
[CONFIG] TMPDIR = /scratch/global/yangjunjie/cr2/522185/
[CONFIG] UNIT = angstrom
[CONFIG] VERBOSE = 3
[CONFIG] conf_file = /home/yangjunjie/.pyscf_conf.py
[CONFIG] pyscf_numpy_backend = jax
[CONFIG] pyscf_scipy_backend = jax
[CONFIG] pyscf_scipy_linalg_backend = pyscfad
[CONFIG] pyscfad = True
[CONFIG] pyscfad_scf_implicit_diff = True
[INPUT] verbose = 10
[INPUT] max_memory = 200000 
[INPUT] num. atoms = 0
[INPUT] num. electrons = 28
[INPUT] charge = 0
[INPUT] spin (= nelec alpha-beta = 2S) = 0
[INPUT] symmetry False subgroup None
[INPUT] Mole.unit = angstrom
[INPUT] Symbol           X                Y                Z      unit          X                Y                Z       unit  Magmom
[INPUT] ---------------- BASIS SET ---------------- 
[INPUT] l, kappa, [nprim/nctr], expnt,             c_1 c_2 ...

nuclear repulsion = 0
number of shells = 0
number of NR pGTOs = 0
number of NR cGTOs = 0
basis = sto-3g
ecp = {}
CPU time:         0.53
arg.atm = []
arg.bas = []
arg.env = [0. 0. 0. 0. 0. 0. 0. 0. 0. 0. 0. 0. 0. 0. 0. 0. 0. 0. 0. 0.]
ecpbas  = []


******** <class 'pyscf.scf.hf.RHF'> ********
method = RHF
initial guess = minao
damping factor = 0
level_shift factor = 0
DIIS = <class 'pyscf.scf.diis.CDIIS'>
diis_start_cycle = 1
diis_space = 8
SCF conv_tol = 1e-09
SCF conv_tol_grad = None
SCF max_cycles = 50
direct_scf = True
direct_scf_tol = 1e-13
chkfile to save SCF result = /scratch/global/yangjunjie/cr2/522185/tmpri9npwp2
max_memory 200000 MB (current use 383 MB)
Overwritten attributes  get_hcore get_ovlp  of <class 'pyscf.scf.hf.RHF'>
Set gradient conv threshold to 3.16228e-05
No atom found in mol. Use 1e initial guess
Initial guess from hcore.
  HOMO = -15.3512548262224  LUMO = -15.3305206812731
  mo_energy =
[-18.63911671 -18.57509812 -17.08426501 -17.02585167 -16.96809296
 -16.96809296 -16.90692769 -16.90692769 -15.43173808 -15.40980337
 -15.40980337 -15.35343275 -15.35343275 -15.35125483 -15.33052068
 -15.33052068 -15.31678979 -15.31678979 -12.86580302 -11.39094686
 -11.39094686 -10.9280655  -10.89733128 -10.4879529  -10.4879529
  -9.92876084  -9.92876084  -9.91135146  -9.91135146  -9.79792846
  -9.7802076   -9.7802076   -9.67634986  -9.67634986  -9.57291939
  -9.42598949  -9.42598949  -8.88831245  -8.88831245  -8.85588622
  -8.85588622  -8.83885052  -8.83885052  -8.80481461  -8.45833469
  -8.29698718  -8.29698718  -8.14488528  -8.14488528  -7.06568475
  -6.85607508  -6.6333933   -6.07813002  -6.07813002  -5.87090398
  -5.54704772  -5.54704772  -5.25412464  -5.25412464  -4.9937423
  -4.83427249  -4.80306881  -4.80306881  -4.80194211  -4.80194211
  -4.7560301   -4.7560301   -4.44193476  -3.93387141  -3.90861912
  -3.48525561  -3.48525561  -3.14819508  -3.14819508  -3.10456881
  -2.86785114]
Nelec from initial guess = 28.000000000000014
E1 = -462.7676758883753  E_coul = 246.93323411179284
init E= -215.834441776582
cond(S) = 1.0
    CPU time for initialize scf      1.22 sec, wall time      0.07 sec
  HOMO = 0.0989696382328955  LUMO = 0.112728464896596
  mo_energy =
[-1.30009741 -1.25720484 -0.26359708 -0.18868452 -0.18868452 -0.17436706
 -0.17436706 -0.02709261  0.04825283  0.05898548  0.07869978  0.07869978
  0.09896964  0.09896964  0.11272846  0.15308309  0.25943493  0.25943493
  0.31117945  0.31165192  0.31165192  0.32154314  0.32154314  0.32919678
  0.32919678  0.33920642  0.38666554  0.51238111  0.51238111  0.52146658
  1.01316961  1.06858945  1.06858945  1.09341912  1.09341912  1.10334653
  1.1066337   1.1101654   1.1101654   1.17729511  1.17729511  1.17934673
  1.17934673  1.42608862  1.44996304  1.44996304  1.8604633   2.32539364
  2.32539364  2.75085732  2.76282969  3.01468763  3.065908    3.065908
  3.11792953  3.11792953  3.2643335   3.2643335   3.31114981  3.31114981
  3.31365171  3.31365171  3.4132594   3.4132594   3.49124264  3.49124264
  3.51989507  3.51989507  3.56563008  3.86568262  4.10838905  4.10838905
  4.5846105   5.37008619  5.37008619  7.90449687]
E1 = -293.46051846194945  E_coul = 91.76474189684834
cycle= 1 E= -201.695776565101  delta_E= 14.1  |g|= 11.5  |ddm|= 7.95
    CPU time for cycle= 1      0.18 sec, wall time      0.01 sec
diis-norm(errvec)=16.3042
diis-c [-265.82535444    1.        ]
  HOMO = -4.74102654332201  LUMO = -4.72388313806473
  mo_energy =
[-8.73134341e+00 -8.63987721e+00 -7.18869629e+00 -7.08905801e+00
 -7.08905801e+00 -7.08138071e+00 -7.08138071e+00 -7.06727449e+00
 -4.91984365e+00 -4.81363881e+00 -4.81363881e+00 -4.77364268e+00
 -4.74102654e+00 -4.74102654e+00 -4.72388314e+00 -4.72388314e+00
 -4.71345303e+00 -4.71345303e+00 -3.42046373e+00 -2.63545871e+00
 -2.63545871e+00 -2.45005715e+00 -2.08154042e+00 -2.04317422e+00
 -2.04317422e+00 -1.79928789e+00 -1.73040178e+00 -1.73040178e+00
 -1.66001725e+00 -1.66001725e+00 -1.51655320e+00 -1.51563319e+00
 -1.51563319e+00 -1.24221008e+00 -1.24221008e+00 -1.19487678e+00
 -1.19487678e+00 -1.18464080e+00 -1.18464080e+00 -1.15938468e+00
 -1.15938468e+00 -1.13795379e+00 -1.05475975e+00 -1.02954644e+00
 -1.02954644e+00 -9.78521801e-01 -8.45871187e-01 -8.45871187e-01
 -7.02398745e-01 -5.88162683e-01 -5.88162683e-01 -4.96075914e-01
 -4.96075914e-01 -4.29658676e-01 -4.29658676e-01 -3.53395368e-01
 -3.15377472e-01 -3.15377472e-01 -2.85886137e-01 -2.79576729e-01
 -2.79576729e-01 -2.76733269e-01 -2.69605211e-01 -2.69605211e-01
 -1.93323979e-01 -8.98349798e-02 -8.98349798e-02  2.19387223e-03
  2.19387223e-03  2.18504273e-02  4.04883370e-02  1.46163876e-01
  1.86839852e-01  1.86839852e-01  3.05708528e-01  2.14729937e+00]
E1 = -460.66573555813227  E_coul = 237.2237130130084
cycle= 2 E= -223.442022545124  delta_E= -21.7  |g|= 5.93  |ddm|= 7.61
    CPU time for cycle= 2      0.24 sec, wall time      0.01 sec
diis-norm(errvec)=8.39104
diis-c [-29.5775179    0.29365324   0.70634676]
  HOMO = -0.302923050183496  LUMO = -0.254806836203833
  mo_energy =
[-3.58824317 -3.51665743 -2.41718262 -2.34412781 -2.34412781 -2.30681586
 -2.30681586 -2.18286952 -0.57386774 -0.57386774 -0.51594263 -0.3699107
 -0.30292305 -0.30292305 -0.25480684 -0.22606208 -0.22606208 -0.21736571
 -0.21736571 -0.18473197 -0.07641163 -0.0738425  -0.0738425  -0.05656002
 -0.05656002 -0.01013882  0.01958252  0.01958252  0.02923596  0.07416088
  0.07416088  0.09757945  0.09757945  0.10317675  0.10429616  0.1178601
  0.1178601   0.16510328  0.16510328  0.20860786  0.31007331  0.36707933
  0.36707933  0.50570143  0.50570143  0.75994081  0.78364342  1.12568248
  1.12568248  1.1736466   1.1736466   1.21699846  1.26882421  1.26882421
  1.31442424  1.37588668  1.37588668  1.4467445   1.77337628  1.77337628
  1.77857915  1.77857915  1.91798844  1.91798844  1.94399013  1.94399013
  2.11009208  2.11009208  2.15080804  2.44896535  2.56432757  2.56432757
  2.58364045  3.58246881  3.58246881  6.04087226]
E1 = -422.8582548538275  E_coul = 190.40727173583699
cycle= 3 E= -232.45098311799  delta_E= -9.01  |g|= 0.842  |ddm|= 4.21
    CPU time for cycle= 3      0.18 sec, wall time      0.01 sec
diis-norm(errvec)=1.19143
diis-c [-0.61502535 -0.01837201  0.07791743  0.94045458]
  HOMO = -0.0157443508875864  LUMO = 0.0488168121160306
  mo_energy =
[-3.15579565 -3.09942956 -1.99434804 -1.92049271 -1.92049271 -1.88849355
 -1.88849355 -1.77926056 -0.2298416  -0.2298416  -0.14184826 -0.04624617
 -0.01574435 -0.01574435  0.04881681  0.06072548  0.06072548  0.09724917
  0.11283837  0.11283837  0.13282572  0.19160649  0.20417597  0.20417597
  0.26169604  0.26169604  0.28585716  0.29688516  0.29688516  0.31887292
  0.33673905  0.33673905  0.34385288  0.34385288  0.34534897  0.46276876
  0.46276876  0.52808743  0.52808743  0.5757867   0.63332798  0.75065205
  0.75065205  0.85786148  0.85786148  1.0520236   1.20166081  1.57343881
  1.57343881  1.6129973   1.6129973   1.64784523  1.64784523  1.7138739
  1.75913057  1.75913057  1.81080081  1.96545628  2.18816446  2.18816446
  2.3578699   2.3578699   2.52855771  2.52855771  2.52984934  2.52984934
  2.65094917  2.71101785  2.71101785  2.89886525  3.13933955  3.13933955
  3.16663086  4.13242905  4.13242905  6.5100124 ]
E1 = -412.2309040028369  E_coul = 179.87762249615457
cycle= 4 E= -232.353281506682  delta_E= 0.0977  |g|= 1.09  |ddm|= 1.49
    CPU time for cycle= 4      0.18 sec, wall time      0.01 sec
diis-norm(errvec)=1.53755
diis-c [-0.27938178 -0.01821252  0.08595609  0.55483272  0.37742371]
  HOMO = -0.115242733559258  LUMO = 0.0352739097007043
  mo_energy =
[-3.31355251 -3.25224171 -2.14732984 -2.06976386 -2.06976386 -2.03627032
 -2.03627032 -1.93009291 -0.35300585 -0.35300585 -0.20002027 -0.15470167
 -0.11524273 -0.11524273  0.03527391  0.03920386  0.03920386  0.09106202
  0.10452054  0.10452054  0.12244576  0.15434392  0.15434392  0.17003917
  0.22180961  0.22180961  0.26081474  0.26282181  0.26282181  0.29142681
  0.29478734  0.30711395  0.30711395  0.32285306  0.32285306  0.36394976
  0.36394976  0.42145734  0.42145734  0.48844459  0.57325049  0.68862688
  0.68862688  0.80698949  0.80698949  1.01757525  1.14266117  1.45439654
  1.45439654  1.50541523  1.50541523  1.58249312  1.58249312  1.60403214
  1.64949881  1.64949881  1.70626084  1.86179599  2.10707315  2.10707315
  2.24301297  2.24301297  2.40806519  2.40806519  2.41436339  2.41436339
  2.55949231  2.59777441  2.59777441  2.80096271  3.01853821  3.01957964
  3.01957964  4.00048308  4.00048308  6.37730355]
E1 = -417.3926523681373  E_coul = 184.85737278285512
cycle= 5 E= -232.535279585282  delta_E= -0.182  |g|= 0.501  |ddm|= 0.487
    CPU time for cycle= 5      0.18 sec, wall time      0.01 sec
diis-norm(errvec)=0.709094
diis-c [-1.25158601e-02  1.69511344e-03  8.50335588e-03 -6.39537164e-02
 -8.02820093e-01  1.85657534e+00]
  HOMO = -0.233226968042224  LUMO = 0.0134839666032828
  mo_energy =
[-3.46098375 -3.39655111 -2.28835535 -2.2069207  -2.2069207  -2.17278423
 -2.17278423 -2.07140146 -0.47250201 -0.47250201 -0.28171575 -0.23663302
 -0.23322697 -0.23322697  0.01348397  0.01348397  0.01652686  0.0828001
  0.09578551  0.09578551  0.09581422  0.09581422  0.11124752  0.15136726
  0.18818712  0.18818712  0.20997652  0.20997652  0.22052368  0.25859743
  0.27273846  0.28175451  0.28175451  0.29120942  0.29120942  0.30555173
  0.30555173  0.34794304  0.34794304  0.44114252  0.52272385  0.63702615
  0.63702615  0.76509536  0.76509536  0.98729402  1.09860769  1.34746076
  1.34746076  1.41414675  1.41414675  1.51332918  1.52463148  1.52463148
  1.55048769  1.55048769  1.61529332  1.77930511  2.03756796  2.03756796
  2.14465452  2.14465452  2.30348792  2.30348792  2.31789787  2.31789787
  2.48072913  2.50162978  2.50162978  2.71491749  2.891185    2.9146454
  2.9146454   3.88402662  3.88402662  6.26078419]
E1 = -421.5846037610377  E_coul = 188.99788302343143
cycle= 6 E= -232.586720737606  delta_E= -0.0514  |g|= 0.0239  |ddm|= 0.434
    CPU time for cycle= 6      0.18 sec, wall time      0.01 sec
diis-norm(errvec)=0.0338021
diis-c [-8.80230040e-04  3.86558642e-04 -2.63790591e-03 -5.03076572e-03
  6.83261593e-02 -1.60453125e-01  1.09940908e+00]
  HOMO = -0.23200948848154  LUMO = 0.0143637764464299
  mo_energy =
[-3.45696476 -3.39271868 -2.2842469  -2.20292127 -2.20292127 -2.16868265
 -2.16868265 -2.06770092 -0.47191176 -0.47191176 -0.27557937 -0.23371473
 -0.23200949 -0.23200949  0.01436378  0.01436378  0.01713333  0.08194975
  0.09436726  0.09436726  0.09807805  0.09807805  0.11165711  0.15092583
  0.18872974  0.18872974  0.21218847  0.21218847  0.22509429  0.25934724
  0.27318156  0.28110518  0.28110518  0.29322342  0.29322342  0.30551205
  0.30551205  0.3495979   0.3495979   0.44644572  0.52358339  0.63832734
  0.63832734  0.76613666  0.76613666  0.98781745  1.10166922  1.35065723
  1.35065723  1.41603021  1.41603021  1.51701904  1.52577535  1.52577535
  1.55318375  1.55318375  1.61776268  1.78378432  2.03943812  2.03943812
  2.14793177  2.14793177  2.30714164  2.30714164  2.32149766  2.32149766
  2.48385851  2.50514775  2.50514775  2.7176134   2.8957839   2.91789632
  2.91789632  3.88774881  3.88774881  6.26487731]
E1 = -421.86175895081044  E_coul = 189.2746333749807
cycle= 7 E= -232.58712557583  delta_E= -0.000405  |g|= 0.0263  |ddm|= 0.0627
    CPU time for cycle= 7      0.18 sec, wall time      0.01 sec
diis-norm(errvec)=0.03722
diis-c [-1.71537334e-04  1.89202590e-05 -2.28719683e-04  1.98899561e-03
 -7.10548392e-03  7.29962536e-02 -4.54454550e-01  1.38678458e+00]
  HOMO = -0.2253427857654  LUMO = 0.0163812034829162
  mo_energy =
[-3.44532715 -3.38104526 -2.27280904 -2.19184706 -2.19184706 -2.15755745
 -2.15755745 -2.05627679 -0.46387466 -0.46387466 -0.26770399 -0.2265014
 -0.22534279 -0.22534279  0.0163812   0.0163812   0.01914062  0.08318548
  0.09498229  0.09498229  0.10333397  0.10333397  0.11281087  0.15225683
  0.1910496   0.1910496   0.21785612  0.21785612  0.22989519  0.26207911
  0.27637365  0.28327131  0.28327131  0.29848331  0.29848331  0.30722668
  0.30722668  0.3546188   0.3546188   0.45241671  0.52748002  0.64248636
  0.64248636  0.76919901  0.76919901  0.99074868  1.10718584  1.35917346
  1.35917346  1.42310679  1.42310679  1.52442492  1.53061931  1.53061931
  1.56126016  1.56126016  1.62519277  1.7920655   2.04551194  2.04551194
  2.15584007  2.15584007  2.31561109  2.31561109  2.32931964  2.32931964
  2.49173443  2.51306528  2.51306528  2.72559595  2.90586961  2.92623701
  2.92623701  3.89710598  3.89710598  6.27395898]
E1 = -421.6750991734895  E_coul = 189.08772409602375
cycle= 8 E= -232.587375077466  delta_E= -0.00025  |g|= 0.00542  |ddm|= 0.0385
    CPU time for cycle= 8      0.18 sec, wall time      0.01 sec
diis-norm(errvec)=0.00767171
diis-c [-3.19061771e-05  1.02504845e-05  2.66826312e-04 -4.39559882e-04
  7.36026079e-03 -3.36747072e-02  1.02643448e-02 -2.95194017e-01
  1.31140660e+00]
  HOMO = -0.225593033443902  LUMO = 0.0161975593400373
  mo_energy =
[-3.44581521 -3.38159528 -2.2733219  -2.19240158 -2.19240158 -2.15812679
 -2.15812679 -2.05682325 -0.46510023 -0.46510023 -0.2674091  -0.22688692
 -0.22688692 -0.22559303  0.01619756  0.01619756  0.01903211  0.08344705
  0.09491421  0.09491421  0.1029199   0.1029199   0.11286904  0.1521502
  0.19083883  0.19083883  0.21752404  0.21752404  0.22954342  0.26200519
  0.27666422  0.28302667  0.28302667  0.29810667  0.29810667  0.30714266
  0.30714266  0.35432475  0.35432475  0.45279432  0.5273608   0.64213777
  0.64213777  0.76888076  0.76888076  0.99063057  1.10726606  1.35871606
  1.35871606  1.42240892  1.42240892  1.52423541  1.53029042  1.53029042
  1.5608729   1.5608729   1.62475067  1.79199272  2.04494252  2.04494252
  2.15521421  2.15521421  2.31506362  2.31506362  2.32869469  2.32869469
  2.49130545  2.51244721  2.51244721  2.72506601  2.90540606  2.92547001
  2.92547001  3.89639704  3.89639704  6.27348417]
E1 = -421.67532668308945  E_coul = 189.08790138986444
cycle= 9 E= -232.587425293225  delta_E= -5.02e-05  |g|= 0.00314  |ddm|= 0.0227
    CPU time for cycle= 9      0.19 sec, wall time      0.01 sec
diis-norm(errvec)=0.00444263
diis-c [-4.34309997e-06  1.95106448e+00 -7.57420368e-05  1.67431803e-03
  2.27496476e-03 -8.05734680e-03  5.71877941e-02  1.16600772e-02
 -1.01572854e+00]
  HOMO = -0.224918268078412  LUMO = 0.015998911911205
  mo_energy =
[-3.4464566  -3.38219695 -2.27400291 -2.19305144 -2.19305144 -2.15876087
 -2.15876087 -2.0574804  -0.46633056 -0.46633056 -0.26762483 -0.22813175
 -0.22813175 -0.22491827  0.01599891  0.01599891  0.01883553  0.08362526
  0.09478625  0.09478625  0.1024713   0.1024713   0.11288639  0.15198417
  0.19061693  0.19061693  0.2171642   0.2171642   0.22919995  0.26188187
  0.27682947  0.28269879  0.28269879  0.2976922   0.2976922   0.306996
  0.306996    0.35397999  0.35397999  0.45295602  0.52713086  0.64176594
  0.64176594  0.76853661  0.76853661  0.99044464  1.10725349  1.35819131
  1.35819131  1.42171609  1.42171609  1.52395003  1.5298818   1.5298818
  1.56041276  1.56041276  1.62425879  1.79170394  2.04445444  2.04445444
  2.15455287  2.15455287  2.31444986  2.31444986  2.32807248  2.32807248
  2.49089423  2.51184289  2.51184289  2.72461607  2.90482082  2.92472893
  2.92472893  3.89569628  3.89569628  6.27287423]
E1 = -421.6878778054598  E_coul = 189.1004350108645
cycle= 10 E= -232.587442794595  delta_E= -1.75e-05  |g|= 0.000797  |ddm|= 0.0187
    CPU time for cycle= 10      0.18 sec, wall time      0.01 sec
diis-norm(errvec)=0.00112774
diis-c [-1.89826411e-07 -1.30041616e+00  1.80226150e+00 -1.10063963e-03
 -2.10055104e-03  9.90825946e-03 -3.74084602e-02  3.49022959e-02
  4.93953760e-01]
  HOMO = -0.22460741168425  LUMO = 0.0159835115469235
  mo_energy =
[-3.44646176 -3.38219805 -2.27402438 -2.19306561 -2.19306561 -2.15877669
 -2.15877669 -2.05750148 -0.46646508 -0.46646508 -0.26772603 -0.22822244
 -0.22822244 -0.22460741  0.01598351  0.01598351  0.01876631  0.08369728
  0.09475738  0.09475738  0.10242778  0.10242778  0.11290171  0.15195111
  0.19060109  0.19060109  0.21714084  0.21714084  0.22913821  0.26185131
  0.27689049  0.28262371  0.28262371  0.29765566  0.29765566  0.30696918
  0.30696918  0.35394944  0.35394944  0.45299829  0.52713219  0.64172467
  0.64172467  0.76850237  0.76850237  0.99042215  1.10726504  1.35816545
  1.35816545  1.42165566  1.42165566  1.52401021  1.52984333  1.52984333
  1.56040236  1.56040236  1.62422402  1.79170562  2.04440084  2.04440084
  2.15451281  2.15451281  2.31442378  2.31442378  2.32803212  2.32803212
  2.49084858  2.51180552  2.51180552  2.72458106  2.90481827  2.92466661
  2.92466661  3.89565144  3.89565144  6.27285747]
E1 = -421.68367075222136  E_coul = 189.09622658592664
cycle= 11 E= -232.587444166295  delta_E= -1.37e-06  |g|= 0.00012  |ddm|= 0.00552
    CPU time for cycle= 11      0.18 sec, wall time      0.01 sec
diis-norm(errvec)=0.000169565
diis-c [-8.63460290e-09  6.47120107e-02 -2.70277002e-01  1.21248642e+00
  9.40247159e-05 -7.51331807e-04  1.76014892e-03 -3.71152605e-03
 -4.31274166e-03]
  HOMO = -0.224578313673467  LUMO = 0.0159879001660022
  mo_energy =
[-3.44647411 -3.38220985 -2.27403448 -2.19307332 -2.19307332 -2.15878526
 -2.15878526 -2.05751442 -0.46647001 -0.46647001 -0.26774904 -0.22823312
 -0.22823312 -0.22457831  0.0159879   0.0159879   0.01876033  0.08369869
  0.0947576   0.0947576   0.10242666  0.10242666  0.11290332  0.15194437
  0.19060027  0.19060027  0.21713836  0.21713836  0.22913375  0.26184496
  0.27688628  0.28262027  0.28262027  0.2976529   0.2976529   0.30696953
  0.30696953  0.35394529  0.35394529  0.45299452  0.52713133  0.641724
  0.641724    0.7685034   0.7685034   0.99042058  1.10725901  1.35815884
  1.35815884  1.42164943  1.42164943  1.52401376  1.52983795  1.52983795
  1.56039681  1.56039681  1.62421748  1.79169773  2.04439678  2.04439678
  2.15451062  2.15451062  2.31441938  2.31441938  2.3280321   2.3280321
  2.49083771  2.51180503  2.51180503  2.72457392  2.90481071  2.92466171
  2.92466171  3.89564388  3.89564388  6.27284977]
E1 = -421.6837818677898  E_coul = 189.0963376764411
cycle= 12 E= -232.587444191349  delta_E= -2.51e-08  |g|= 2.61e-05  |ddm|= 0.000597
    CPU time for cycle= 12      0.18 sec, wall time      0.01 sec
diis-norm(errvec)=3.68568e-05
diis-c [-2.72470242e-10 -5.61470211e-03  3.90459082e-02 -3.29719365e-01
  1.29733046e+00  6.86299692e-05 -2.91886072e-04 -3.65549956e-04
 -4.53491362e-04]
  HOMO = -0.224568236641824  LUMO = 0.0159904338829003
  mo_energy =
[-3.44646656 -3.38220239 -2.27402721 -2.19306567 -2.19306567 -2.15877778
 -2.15877778 -2.05750766 -0.46646415 -0.46646415 -0.26774797 -0.22822944
 -0.22822944 -0.22456824  0.01599043  0.01599043  0.01876126  0.08370028
  0.09475723  0.09475723  0.1024309   0.1024309   0.11290444  0.15194507
  0.19060192  0.19060192  0.21714244  0.21714244  0.22913626  0.26184604
  0.2768881   0.28262066  0.28262066  0.29765696  0.29765696  0.30697092
  0.30697092  0.35394881  0.35394881  0.45299973  0.52713438  0.64172726
  0.64172726  0.7685065   0.7685065   0.99042239  1.10726208  1.35816505
  1.35816505  1.42165358  1.42165358  1.52402071  1.52984064  1.52984064
  1.56040249  1.56040249  1.62422241  1.79170303  2.04440059  2.04440059
  2.15451632  2.15451632  2.31442531  2.31442531  2.32803838  2.32803838
  2.49084145  2.51181121  2.51181121  2.7245784   2.90481763  2.92466727
  2.92466727  3.89564994  3.89564994  6.27285606]
E1 = -421.68374258652796  E_coul = 189.0962983941867
cycle= 13 E= -232.587444192341  delta_E= -9.93e-10  |g|= 4.76e-06  |ddm|= 0.000132
    CPU time for cycle= 13      0.18 sec, wall time      0.01 sec
  HOMO = -0.224566560134313  LUMO = 0.0159907234860759
  mo_energy =
[-3.44646464 -3.3822004  -2.27402544 -2.19306389 -2.19306389 -2.15877598
 -2.15877598 -2.05750588 -0.46646293 -0.46646293 -0.26774707 -0.22822865
 -0.22822865 -0.22456656  0.01599072  0.01599072  0.01876158  0.0837004
  0.09475734  0.09475734  0.10243171  0.10243171  0.11290457  0.15194539
  0.19060228  0.19060228  0.21714336  0.21714336  0.22913711  0.26184642
  0.2768884   0.28262105  0.28262105  0.2976578   0.2976578   0.3069712
  0.3069712   0.35394965  0.35394965  0.45300067  0.52713495  0.64172791
  0.64172791  0.76850697  0.76850697  0.99042279  1.10726283  1.35816646
  1.35816646  1.42165481  1.42165481  1.52402194  1.52984143  1.52984143
  1.5604038   1.5604038   1.62422359  1.79170423  2.04440163  2.04440163
  2.15451745  2.15451745  2.31442654  2.31442654  2.3280396   2.3280396
  2.4908427   2.51181246  2.51181246  2.72457966  2.90481922  2.92466853
  2.92466853  3.89565142  3.89565142  6.27285747]
E1 = -421.68371108604975  E_coul = 189.09626689368312
Extra cycle  E= -232.587444192367  delta_E= -2.54e-11  |g|= 2.8e-06  |ddm|= 1.38e-05
    CPU time for scf_cycle      3.79 sec, wall time      0.17 sec
    CPU time for SCF      3.79 sec, wall time      0.17 sec
converged SCF energy = -232.587444192367

******** <class 'pyscf.mcscf.mc1step.CASSCF'> ********
CAS (14e+14e, 20o), ncore = 0, nvir = 56
max_cycle_macro = 50
max_cycle_micro = 4
conv_tol = 1e-07
conv_tol_grad = None
orbital rotation max_stepsize = 0.02
orbital rotation threshold for CI restart = 0.01
augmented hessian ah_max_cycle = 30
augmented hessian ah_conv_tol = 1e-12
augmented hessian ah_linear dependence = 1e-14
augmented hessian ah_level shift = 1e-08
augmented hessian ah_start_tol = 2.5
augmented hessian ah_start_cycle = 3
augmented hessian ah_grad_trust_region = 3
kf_trust_region = 3
kf_interval = 4
ci_response_space = 4
ci_grad_trust_region = 3
with_dep4 0
natorb = True
canonicalization = True
sorting_mo_energy = False
ao2mo_level = 2
chkfile = /scratch/global/yangjunjie/cr2/522185/tmpri9npwp2
max_memory 200000 MB (current use 769 MB)
internal_rotation = False

******** Block flags ********
executable             = /home/yangjunjie/packages/block2/block2-preview-p0.5.2rc10/pyblock2/driver/block2main
BLOCKEXE_COMPRESS_NEVPT= /path/to/serially/compiled/Block/block.spin_adapted
Block version          = 2.0
mpiprefix              = mpirun -n 1 --bind-to none
scratchDirectory       = /scratch/global/yangjunjie/cr2/522185/
integralFile           = /scratch/global/yangjunjie/cr2/522185/FCIDUMP
configFile             = /scratch/global/yangjunjie/cr2/522185/dmrg.conf
outputFile             = /scratch/global/yangjunjie/cr2/522185/dmrg.out
maxIter                = 36
scheduleSweeps         = [0, 4, 8, 12, 16, 18, 20, 22, 24]
scheduleMaxMs          = [200, 400, 800, 1600, 2000, 2000, 2000, 2000, 2000]
scheduleTols           = [0.0001, 0.0001, 0.0001, 0.0001, 0.0001, 1e-05, 1.0000000000000002e-06, 1.0000000000000002e-07, 1e-08]
scheduleNoises         = [0.0001, 0.0001, 0.0001, 0.0001, 0.0001, 1e-05, 1.0000000000000002e-06, 1.0000000000000002e-07, 0.0]
twodot_to_onedot       = 28
tol                    = 1e-07
maxM                   = 2000
dmrg switch tol        = 0.001
wfnsym                 = 1
fullrestart            = False
num_thrds              = 28
memory                 = 200

Start 1-step CASSCF
Start CASCI
    CPU time for integral transformation to CAS space      0.00 sec, wall time      0.00 sec
core energy = 0
    CPU time for effective h1e in CAS space      0.00 sec, wall time      0.00 sec
Block Input conf
nelec 28
spin 0
schedule
0    200  1.0000e-04  1.0000e-04
4    400  1.0000e-04  1.0000e-04
8    800  1.0000e-04  1.0000e-04
12   1600  1.0000e-04  1.0000e-04
16   2000  1.0000e-04  1.0000e-04
18   2000  1.0000e-05  1.0000e-05
20   2000  1.0000e-06  1.0000e-06
22   2000  1.0000e-07  1.0000e-07
24   2000  1.0000e-08  0.0000e+00
end
twodot_to_onedot 28
orbitals FCIDUMP
maxiter 36
sweep_tol 1.0000e-07
outputlevel 2
hf_occ integral
twopdm
prefix  /scratch/global/yangjunjie/cr2/522185/
memory, 200, g
num_thrds 28

